2023-09-20 18:22:53,252 [Worker-5: Loading available Gradle versions] INFO  o.e.b.c.i.u.g.PublishedGradleVersions - Gradle version information cache is not available. Remote download required.
2023-09-20 18:31:31,821 [Worker-6: Loading available Gradle versions] INFO  o.e.b.c.i.u.g.PublishedGradleVersions - Gradle version information cache is up-to-date. Trying to read.
2023-09-20 18:33:50,631 [Worker-2: Loading available Gradle versions] INFO  o.e.b.c.i.u.g.PublishedGradleVersions - Gradle version information cache is up-to-date. Trying to read.
2023-09-20 19:41:52,075 [Worker-5: Loading available Gradle versions] INFO  o.e.b.c.i.u.g.PublishedGradleVersions - Gradle version information cache is up-to-date. Trying to read.
2023-09-21 15:23:02,804 [Worker-5: Loading available Gradle versions] INFO  o.e.b.c.i.u.g.PublishedGradleVersions - Gradle version information cache is up-to-date. Trying to read.
2023-10-01 19:08:08,262 [Worker-4: Loading available Gradle versions] INFO  o.e.b.c.i.u.g.PublishedGradleVersions - Gradle version information cache is up-to-date. Trying to read.
2023-10-01 19:09:02,611 [Worker-4: Loading available Gradle versions] INFO  o.e.b.c.i.u.g.PublishedGradleVersions - Gradle version information cache is up-to-date. Trying to read.
2023-10-01 19:39:36,998 [Worker-4: Loading available Gradle versions] INFO  o.e.b.c.i.u.g.PublishedGradleVersions - Gradle version information cache is up-to-date. Trying to read.
2023-10-01 20:18:33,921 [Worker-0: Loading available Gradle versions] INFO  o.e.b.c.i.u.g.PublishedGradleVersions - Gradle version information cache is up-to-date. Trying to read.
2023-10-06 09:38:47,457 [Worker-5: Loading available Gradle versions] INFO  o.e.b.c.i.u.g.PublishedGradleVersions - Gradle version information cache is up-to-date. Trying to read.
2023-10-06 11:46:02,717 [Worker-3: Loading available Gradle versions] INFO  o.e.b.c.i.u.g.PublishedGradleVersions - Gradle version information cache is up-to-date. Trying to read.
2023-10-09 11:04:52,367 [Worker-2: Loading available Gradle versions] INFO  o.e.b.c.i.u.g.PublishedGradleVersions - Gradle version information cache is out-of-date. Trying to update.
2023-10-09 20:22:49,860 [Worker-2: Loading available Gradle versions] INFO  o.e.b.c.i.u.g.PublishedGradleVersions - Gradle version information cache is up-to-date. Trying to read.
2023-10-10 10:36:51,293 [Worker-6: Loading available Gradle versions] INFO  o.e.b.c.i.u.g.PublishedGradleVersions - Gradle version information cache is up-to-date. Trying to read.
2023-10-13 21:17:20,635 [Worker-1: Loading available Gradle versions] INFO  o.e.b.c.i.u.g.PublishedGradleVersions - Gradle version information cache is out-of-date. Trying to update.
2023-10-13 21:59:10,790 [ModalContext] INFO  o.e.m.c.i.e.AbstractTransferListenerAdapter - Downloading https://repo.maven.apache.org/maven2/org/apache/maven/archetypes/maven-archetype-quickstart/1.1/maven-archetype-quickstart-1.1.pom
2023-10-13 21:59:10,872 [ModalContext] INFO  o.e.m.c.i.e.AbstractTransferListenerAdapter - Downloaded https://repo.maven.apache.org/maven2/org/apache/maven/archetypes/maven-archetype-quickstart/1.1/maven-archetype-quickstart-1.1.pom
2023-10-13 21:59:10,949 [ModalContext] INFO  o.e.m.c.i.e.AbstractTransferListenerAdapter - Downloading https://repo.maven.apache.org/maven2/org/apache/maven/archetypes/maven-archetype-bundles/4/maven-archetype-bundles-4.pom
2023-10-13 21:59:10,986 [ModalContext] INFO  o.e.m.c.i.e.AbstractTransferListenerAdapter - Downloaded https://repo.maven.apache.org/maven2/org/apache/maven/archetypes/maven-archetype-bundles/4/maven-archetype-bundles-4.pom
2023-10-13 21:59:11,031 [ModalContext] INFO  o.e.m.c.i.e.AbstractTransferListenerAdapter - Downloading https://repo.maven.apache.org/maven2/org/apache/maven/archetype/maven-archetype/2.0-alpha-5/maven-archetype-2.0-alpha-5.pom
2023-10-13 21:59:11,057 [ModalContext] INFO  o.e.m.c.i.e.AbstractTransferListenerAdapter - Downloaded https://repo.maven.apache.org/maven2/org/apache/maven/archetype/maven-archetype/2.0-alpha-5/maven-archetype-2.0-alpha-5.pom
2023-10-13 21:59:11,106 [ModalContext] INFO  o.e.m.c.i.e.AbstractTransferListenerAdapter - Downloading https://repo.maven.apache.org/maven2/org/apache/maven/maven-parent/16/maven-parent-16.pom
2023-10-13 21:59:11,124 [ModalContext] INFO  o.e.m.c.i.e.AbstractTransferListenerAdapter - Downloaded https://repo.maven.apache.org/maven2/org/apache/maven/maven-parent/16/maven-parent-16.pom
2023-10-13 21:59:11,155 [ModalContext] INFO  o.e.m.c.i.e.AbstractTransferListenerAdapter - Downloading https://repo.maven.apache.org/maven2/org/apache/apache/7/apache-7.pom
2023-10-13 21:59:11,176 [ModalContext] INFO  o.e.m.c.i.e.AbstractTransferListenerAdapter - Downloaded https://repo.maven.apache.org/maven2/org/apache/apache/7/apache-7.pom
2023-10-13 21:59:11,221 [ModalContext] INFO  o.e.m.c.i.e.AbstractTransferListenerAdapter - Downloading https://repo.maven.apache.org/maven2/org/apache/maven/archetypes/maven-archetype-quickstart/1.1/maven-archetype-quickstart-1.1.jar
2023-10-13 21:59:11,243 [ModalContext] INFO  o.e.m.c.i.e.AbstractTransferListenerAdapter - Downloaded https://repo.maven.apache.org/maven2/org/apache/maven/archetypes/maven-archetype-quickstart/1.1/maven-archetype-quickstart-1.1.jar
2023-10-13 22:00:39,649 [Worker-26: Launching mavenrun-2b5a3a80-fcf8-403d-8218-a06cf89718db] INFO  o.eclipse.m2e.core.internal.Bundles - getClasspathEntries(Bundle=org.eclipse.m2e.maven.runtime_3.9.400.20230826-0755 [295])
2023-10-13 22:00:39,652 [Worker-26: Launching mavenrun-2b5a3a80-fcf8-403d-8218-a06cf89718db] INFO  o.eclipse.m2e.core.internal.Bundles - 	Entry: C:\Users\Joaquin\.p2\pool\plugins\org.eclipse.m2e.maven.runtime_3.9.400.20230826-0755
2023-10-13 22:00:39,652 [Worker-26: Launching mavenrun-2b5a3a80-fcf8-403d-8218-a06cf89718db] INFO  o.eclipse.m2e.core.internal.Bundles - 	Entry: C:\Users\Joaquin\.p2\pool\plugins\org.eclipse.m2e.maven.runtime_3.9.400.20230826-0755\jars\aether-connector-okhttp-0.17.8.jar
2023-10-13 22:00:39,652 [Worker-26: Launching mavenrun-2b5a3a80-fcf8-403d-8218-a06cf89718db] INFO  o.eclipse.m2e.core.internal.Bundles - 	Entry: C:\Users\Joaquin\.p2\pool\plugins\org.eclipse.m2e.maven.runtime_3.9.400.20230826-0755\jars\aopalliance-1.0.jar
2023-10-13 22:00:39,652 [Worker-26: Launching mavenrun-2b5a3a80-fcf8-403d-8218-a06cf89718db] INFO  o.eclipse.m2e.core.internal.Bundles - 	Entry: C:\Users\Joaquin\.p2\pool\plugins\org.eclipse.m2e.maven.runtime_3.9.400.20230826-0755\jars\commons-lang3-3.12.0.jar
2023-10-13 22:00:39,653 [Worker-26: Launching mavenrun-2b5a3a80-fcf8-403d-8218-a06cf89718db] INFO  o.eclipse.m2e.core.internal.Bundles - 	Entry: C:\Users\Joaquin\.p2\pool\plugins\org.eclipse.m2e.maven.runtime_3.9.400.20230826-0755\jars\guice-5.1.0.jar
2023-10-13 22:00:39,653 [Worker-26: Launching mavenrun-2b5a3a80-fcf8-403d-8218-a06cf89718db] INFO  o.eclipse.m2e.core.internal.Bundles - 	Entry: C:\Users\Joaquin\.p2\pool\plugins\org.eclipse.m2e.maven.runtime_3.9.400.20230826-0755\jars\jansi-2.4.0.jar
2023-10-13 22:00:39,654 [Worker-26: Launching mavenrun-2b5a3a80-fcf8-403d-8218-a06cf89718db] INFO  o.eclipse.m2e.core.internal.Bundles - 	Entry: C:\Users\Joaquin\.p2\pool\plugins\org.eclipse.m2e.maven.runtime_3.9.400.20230826-0755\jars\maven-artifact-3.9.4.jar
2023-10-13 22:00:39,654 [Worker-26: Launching mavenrun-2b5a3a80-fcf8-403d-8218-a06cf89718db] INFO  o.eclipse.m2e.core.internal.Bundles - 	Entry: C:\Users\Joaquin\.p2\pool\plugins\org.eclipse.m2e.maven.runtime_3.9.400.20230826-0755\jars\maven-builder-support-3.9.4.jar
2023-10-13 22:00:39,654 [Worker-26: Launching mavenrun-2b5a3a80-fcf8-403d-8218-a06cf89718db] INFO  o.eclipse.m2e.core.internal.Bundles - 	Entry: C:\Users\Joaquin\.p2\pool\plugins\org.eclipse.m2e.maven.runtime_3.9.400.20230826-0755\jars\maven-compat-3.9.4.jar
2023-10-13 22:00:39,654 [Worker-26: Launching mavenrun-2b5a3a80-fcf8-403d-8218-a06cf89718db] INFO  o.eclipse.m2e.core.internal.Bundles - 	Entry: C:\Users\Joaquin\.p2\pool\plugins\org.eclipse.m2e.maven.runtime_3.9.400.20230826-0755\jars\maven-core-3.9.4.jar
2023-10-13 22:00:39,655 [Worker-26: Launching mavenrun-2b5a3a80-fcf8-403d-8218-a06cf89718db] INFO  o.eclipse.m2e.core.internal.Bundles - 	Entry: C:\Users\Joaquin\.p2\pool\plugins\org.eclipse.m2e.maven.runtime_3.9.400.20230826-0755\jars\maven-embedder-3.9.4.jar
2023-10-13 22:00:39,655 [Worker-26: Launching mavenrun-2b5a3a80-fcf8-403d-8218-a06cf89718db] INFO  o.eclipse.m2e.core.internal.Bundles - 	Entry: C:\Users\Joaquin\.p2\pool\plugins\org.eclipse.m2e.maven.runtime_3.9.400.20230826-0755\jars\maven-model-3.9.4.jar
2023-10-13 22:00:39,656 [Worker-26: Launching mavenrun-2b5a3a80-fcf8-403d-8218-a06cf89718db] INFO  o.eclipse.m2e.core.internal.Bundles - 	Entry: C:\Users\Joaquin\.p2\pool\plugins\org.eclipse.m2e.maven.runtime_3.9.400.20230826-0755\jars\maven-model-builder-3.9.4.jar
2023-10-13 22:00:39,656 [Worker-26: Launching mavenrun-2b5a3a80-fcf8-403d-8218-a06cf89718db] INFO  o.eclipse.m2e.core.internal.Bundles - 	Entry: C:\Users\Joaquin\.p2\pool\plugins\org.eclipse.m2e.maven.runtime_3.9.400.20230826-0755\jars\maven-plugin-api-3.9.4.jar
2023-10-13 22:00:39,656 [Worker-26: Launching mavenrun-2b5a3a80-fcf8-403d-8218-a06cf89718db] INFO  o.eclipse.m2e.core.internal.Bundles - 	Entry: C:\Users\Joaquin\.p2\pool\plugins\org.eclipse.m2e.maven.runtime_3.9.400.20230826-0755\jars\maven-repository-metadata-3.9.4.jar
2023-10-13 22:00:39,657 [Worker-26: Launching mavenrun-2b5a3a80-fcf8-403d-8218-a06cf89718db] INFO  o.eclipse.m2e.core.internal.Bundles - 	Entry: C:\Users\Joaquin\.p2\pool\plugins\org.eclipse.m2e.maven.runtime_3.9.400.20230826-0755\jars\maven-resolver-api-1.9.14.jar
2023-10-13 22:00:39,657 [Worker-26: Launching mavenrun-2b5a3a80-fcf8-403d-8218-a06cf89718db] INFO  o.eclipse.m2e.core.internal.Bundles - 	Entry: C:\Users\Joaquin\.p2\pool\plugins\org.eclipse.m2e.maven.runtime_3.9.400.20230826-0755\jars\maven-resolver-connector-basic-1.9.14.jar
2023-10-13 22:00:39,657 [Worker-26: Launching mavenrun-2b5a3a80-fcf8-403d-8218-a06cf89718db] INFO  o.eclipse.m2e.core.internal.Bundles - 	Entry: C:\Users\Joaquin\.p2\pool\plugins\org.eclipse.m2e.maven.runtime_3.9.400.20230826-0755\jars\maven-resolver-impl-1.9.14.jar
2023-10-13 22:00:39,658 [Worker-26: Launching mavenrun-2b5a3a80-fcf8-403d-8218-a06cf89718db] INFO  o.eclipse.m2e.core.internal.Bundles - 	Entry: C:\Users\Joaquin\.p2\pool\plugins\org.eclipse.m2e.maven.runtime_3.9.400.20230826-0755\jars\maven-resolver-named-locks-1.9.14.jar
2023-10-13 22:00:39,658 [Worker-26: Launching mavenrun-2b5a3a80-fcf8-403d-8218-a06cf89718db] INFO  o.eclipse.m2e.core.internal.Bundles - 	Entry: C:\Users\Joaquin\.p2\pool\plugins\org.eclipse.m2e.maven.runtime_3.9.400.20230826-0755\jars\maven-resolver-provider-3.9.4.jar
2023-10-13 22:00:39,658 [Worker-26: Launching mavenrun-2b5a3a80-fcf8-403d-8218-a06cf89718db] INFO  o.eclipse.m2e.core.internal.Bundles - 	Entry: C:\Users\Joaquin\.p2\pool\plugins\org.eclipse.m2e.maven.runtime_3.9.400.20230826-0755\jars\maven-resolver-spi-1.9.14.jar
2023-10-13 22:00:39,659 [Worker-26: Launching mavenrun-2b5a3a80-fcf8-403d-8218-a06cf89718db] INFO  o.eclipse.m2e.core.internal.Bundles - 	Entry: C:\Users\Joaquin\.p2\pool\plugins\org.eclipse.m2e.maven.runtime_3.9.400.20230826-0755\jars\maven-resolver-transport-wagon-1.9.14.jar
2023-10-13 22:00:39,659 [Worker-26: Launching mavenrun-2b5a3a80-fcf8-403d-8218-a06cf89718db] INFO  o.eclipse.m2e.core.internal.Bundles - 	Entry: C:\Users\Joaquin\.p2\pool\plugins\org.eclipse.m2e.maven.runtime_3.9.400.20230826-0755\jars\maven-resolver-util-1.9.14.jar
2023-10-13 22:00:39,659 [Worker-26: Launching mavenrun-2b5a3a80-fcf8-403d-8218-a06cf89718db] INFO  o.eclipse.m2e.core.internal.Bundles - 	Entry: C:\Users\Joaquin\.p2\pool\plugins\org.eclipse.m2e.maven.runtime_3.9.400.20230826-0755\jars\maven-settings-3.9.4.jar
2023-10-13 22:00:39,660 [Worker-26: Launching mavenrun-2b5a3a80-fcf8-403d-8218-a06cf89718db] INFO  o.eclipse.m2e.core.internal.Bundles - 	Entry: C:\Users\Joaquin\.p2\pool\plugins\org.eclipse.m2e.maven.runtime_3.9.400.20230826-0755\jars\maven-settings-builder-3.9.4.jar
2023-10-13 22:00:39,660 [Worker-26: Launching mavenrun-2b5a3a80-fcf8-403d-8218-a06cf89718db] INFO  o.eclipse.m2e.core.internal.Bundles - 	Entry: C:\Users\Joaquin\.p2\pool\plugins\org.eclipse.m2e.maven.runtime_3.9.400.20230826-0755\jars\maven-shared-utils-3.3.4.jar
2023-10-13 22:00:39,660 [Worker-26: Launching mavenrun-2b5a3a80-fcf8-403d-8218-a06cf89718db] INFO  o.eclipse.m2e.core.internal.Bundles - 	Entry: C:\Users\Joaquin\.p2\pool\plugins\org.eclipse.m2e.maven.runtime_3.9.400.20230826-0755\jars\okhttp-3.14.1.jar
2023-10-13 22:00:39,661 [Worker-26: Launching mavenrun-2b5a3a80-fcf8-403d-8218-a06cf89718db] INFO  o.eclipse.m2e.core.internal.Bundles - 	Entry: C:\Users\Joaquin\.p2\pool\plugins\org.eclipse.m2e.maven.runtime_3.9.400.20230826-0755\jars\okio-1.17.3.jar
2023-10-13 22:00:39,661 [Worker-26: Launching mavenrun-2b5a3a80-fcf8-403d-8218-a06cf89718db] INFO  o.eclipse.m2e.core.internal.Bundles - 	Entry: C:\Users\Joaquin\.p2\pool\plugins\org.eclipse.m2e.maven.runtime_3.9.400.20230826-0755\jars\org.eclipse.sisu.inject-0.3.5.jar
2023-10-13 22:00:39,661 [Worker-26: Launching mavenrun-2b5a3a80-fcf8-403d-8218-a06cf89718db] INFO  o.eclipse.m2e.core.internal.Bundles - 	Entry: C:\Users\Joaquin\.p2\pool\plugins\org.eclipse.m2e.maven.runtime_3.9.400.20230826-0755\jars\org.eclipse.sisu.plexus-0.3.5.jar
2023-10-13 22:00:39,661 [Worker-26: Launching mavenrun-2b5a3a80-fcf8-403d-8218-a06cf89718db] INFO  o.eclipse.m2e.core.internal.Bundles - 	Entry: C:\Users\Joaquin\.p2\pool\plugins\org.eclipse.m2e.maven.runtime_3.9.400.20230826-0755\jars\plexus-build-api-0.0.7.jar
2023-10-13 22:00:39,662 [Worker-26: Launching mavenrun-2b5a3a80-fcf8-403d-8218-a06cf89718db] INFO  o.eclipse.m2e.core.internal.Bundles - 	Entry: C:\Users\Joaquin\.p2\pool\plugins\org.eclipse.m2e.maven.runtime_3.9.400.20230826-0755\jars\plexus-cipher-2.0.jar
2023-10-13 22:00:39,662 [Worker-26: Launching mavenrun-2b5a3a80-fcf8-403d-8218-a06cf89718db] INFO  o.eclipse.m2e.core.internal.Bundles - 	Entry: C:\Users\Joaquin\.p2\pool\plugins\org.eclipse.m2e.maven.runtime_3.9.400.20230826-0755\jars\plexus-classworlds-2.7.0.jar
2023-10-13 22:00:39,662 [Worker-26: Launching mavenrun-2b5a3a80-fcf8-403d-8218-a06cf89718db] INFO  o.eclipse.m2e.core.internal.Bundles - 	Entry: C:\Users\Joaquin\.p2\pool\plugins\org.eclipse.m2e.maven.runtime_3.9.400.20230826-0755\jars\plexus-component-annotations-2.1.0.jar
2023-10-13 22:00:39,662 [Worker-26: Launching mavenrun-2b5a3a80-fcf8-403d-8218-a06cf89718db] INFO  o.eclipse.m2e.core.internal.Bundles - 	Entry: C:\Users\Joaquin\.p2\pool\plugins\org.eclipse.m2e.maven.runtime_3.9.400.20230826-0755\jars\plexus-interpolation-1.26.jar
2023-10-13 22:00:39,662 [Worker-26: Launching mavenrun-2b5a3a80-fcf8-403d-8218-a06cf89718db] INFO  o.eclipse.m2e.core.internal.Bundles - 	Entry: C:\Users\Joaquin\.p2\pool\plugins\org.eclipse.m2e.maven.runtime_3.9.400.20230826-0755\jars\plexus-sec-dispatcher-2.0.jar
2023-10-13 22:00:39,663 [Worker-26: Launching mavenrun-2b5a3a80-fcf8-403d-8218-a06cf89718db] INFO  o.eclipse.m2e.core.internal.Bundles - 	Entry: C:\Users\Joaquin\.p2\pool\plugins\org.eclipse.m2e.maven.runtime_3.9.400.20230826-0755\jars\plexus-utils-3.5.1.jar
2023-10-13 22:00:39,663 [Worker-26: Launching mavenrun-2b5a3a80-fcf8-403d-8218-a06cf89718db] INFO  o.eclipse.m2e.core.internal.Bundles - 	Entry: C:\Users\Joaquin\.p2\pool\plugins\org.eclipse.m2e.maven.runtime_3.9.400.20230826-0755\jars\wagon-file-3.5.3.jar
2023-10-13 22:00:39,663 [Worker-26: Launching mavenrun-2b5a3a80-fcf8-403d-8218-a06cf89718db] INFO  o.eclipse.m2e.core.internal.Bundles - 	Entry: C:\Users\Joaquin\.p2\pool\plugins\org.eclipse.m2e.maven.runtime_3.9.400.20230826-0755\jars\wagon-provider-api-3.5.3.jar
2023-10-13 22:00:39,667 [Worker-26: Launching mavenrun-2b5a3a80-fcf8-403d-8218-a06cf89718db] INFO  o.eclipse.m2e.core.internal.Bundles - getClasspathEntries(Bundle=com.google.guava_32.1.2.jre [10])
2023-10-13 22:00:39,668 [Worker-26: Launching mavenrun-2b5a3a80-fcf8-403d-8218-a06cf89718db] INFO  o.eclipse.m2e.core.internal.Bundles - 	Entry: C:\Users\Joaquin\.p2\pool\plugins\com.google.guava_32.1.2.jre.jar
2023-10-13 22:00:39,668 [Worker-26: Launching mavenrun-2b5a3a80-fcf8-403d-8218-a06cf89718db] INFO  o.eclipse.m2e.core.internal.Bundles - getClasspathEntries(Bundle=slf4j.api_2.0.7 [516])
2023-10-13 22:00:39,669 [Worker-26: Launching mavenrun-2b5a3a80-fcf8-403d-8218-a06cf89718db] INFO  o.eclipse.m2e.core.internal.Bundles - 	Entry: C:\Users\Joaquin\.p2\pool\plugins\slf4j.api_2.0.7.jar
2023-10-13 22:00:39,669 [Worker-26: Launching mavenrun-2b5a3a80-fcf8-403d-8218-a06cf89718db] INFO  o.eclipse.m2e.core.internal.Bundles - getClasspathEntries(Bundle=javax.inject_1.0.0.v20220405-0441 [26])
2023-10-13 22:00:39,669 [Worker-26: Launching mavenrun-2b5a3a80-fcf8-403d-8218-a06cf89718db] INFO  o.eclipse.m2e.core.internal.Bundles - 	Entry: C:\Users\Joaquin\.p2\pool\plugins\javax.inject_1.0.0.v20220405-0441.jar
2023-10-13 22:00:39,669 [Worker-26: Launching mavenrun-2b5a3a80-fcf8-403d-8218-a06cf89718db] INFO  o.eclipse.m2e.core.internal.Bundles - getClasspathEntries(Bundle=javax.annotation_1.3.5.v20200909-1856 [24])
2023-10-13 22:00:39,670 [Worker-26: Launching mavenrun-2b5a3a80-fcf8-403d-8218-a06cf89718db] INFO  o.eclipse.m2e.core.internal.Bundles - 	Entry: C:\Users\Joaquin\.p2\pool\plugins\javax.annotation_1.3.5.v20200909-1856.jar
2023-10-13 22:00:39,670 [Worker-26: Launching mavenrun-2b5a3a80-fcf8-403d-8218-a06cf89718db] INFO  o.eclipse.m2e.core.internal.Bundles - getClasspathEntries(Bundle=org.apache.commons.cli_1.5.0 [49])
2023-10-13 22:00:39,670 [Worker-26: Launching mavenrun-2b5a3a80-fcf8-403d-8218-a06cf89718db] INFO  o.eclipse.m2e.core.internal.Bundles - 	Entry: C:\Users\Joaquin\.p2\pool\plugins\org.apache.commons.cli_1.5.0.jar
2023-10-13 22:00:39,670 [Worker-26: Launching mavenrun-2b5a3a80-fcf8-403d-8218-a06cf89718db] INFO  o.eclipse.m2e.core.internal.Bundles - getClasspathEntries(Bundle=com.google.guava.failureaccess_1.0.1 [12])
2023-10-13 22:00:39,671 [Worker-26: Launching mavenrun-2b5a3a80-fcf8-403d-8218-a06cf89718db] INFO  o.eclipse.m2e.core.internal.Bundles - 	Entry: C:\Users\Joaquin\.p2\pool\plugins\com.google.guava.failureaccess_1.0.1.jar
2023-10-13 22:00:39,676 [Worker-26: Launching mavenrun-2b5a3a80-fcf8-403d-8218-a06cf89718db] INFO  o.e.m.i.launch.MavenLaunchDelegate - Run build in "C:\Users\Joaquin\AppData\Local\Temp\m2e-archetypeGenerator8126305285584609960":
2023-10-13 22:00:39,682 [Worker-26: Launching mavenrun-2b5a3a80-fcf8-403d-8218-a06cf89718db] INFO  o.e.m.i.launch.MavenLaunchDelegate -  mvn  -DarchetypeGroupId=org.apache.maven.archetypes -DarchetypeArtifactId=maven-archetype-quickstart -DarchetypeVersion=1.1 -DgroupId=com -DartifactId=compraProductos -Dversion=0.0.1-SNAPSHOT -Dpackage=com.compraProductos -DoutputDirectory=C:\Users\Joaquin\OneDrive\Documentos\Curso-Java\RepositoriosCursoJAVA\MiPrimerRepositorio -Dstyle.color=always -U archetype:generate
2023-10-13 22:06:15,362 [Worker-30: Creating maven-archetype-quickstart] INFO  o.e.m.c.i.p.ProjectConfigurationManager - Collecting project info '/pom.xml' C:\Users\Joaquin\OneDrive\Documentos\Curso-Java\RepositoriosCursoJAVA\MiPrimerRepositorio\compraProductos\pom.xml
2023-10-13 22:06:16,168 [Worker-30: Creating maven-archetype-quickstart] INFO  o.e.m.c.i.l.LifecycleMappingFactory - Using org.eclipse.m2e.jdt.JarLifecycleMapping lifecycle mapping for MavenProject: com:compraProductos:0.0.1-SNAPSHOT @ C:\Users\Joaquin\OneDrive\Documentos\Curso-Java\RepositoriosCursoJAVA\MiPrimerRepositorio\compraProductos\pom.xml.
2023-10-13 22:06:16,282 [Worker-30: Creating maven-archetype-quickstart] INFO  o.e.m.c.i.e.AbstractTransferListenerAdapter - Downloading https://repo.maven.apache.org/maven2/junit/junit/3.8.1/junit-3.8.1.pom
2023-10-13 22:06:16,347 [Worker-30: Creating maven-archetype-quickstart] INFO  o.e.m.c.i.e.AbstractTransferListenerAdapter - Downloaded https://repo.maven.apache.org/maven2/junit/junit/3.8.1/junit-3.8.1.pom
2023-10-13 22:06:16,370 [Worker-30: Creating maven-archetype-quickstart] INFO  o.e.m.c.i.e.AbstractTransferListenerAdapter - Downloading https://repo.maven.apache.org/maven2/junit/junit/3.8.1/junit-3.8.1.jar
2023-10-13 22:06:16,464 [Worker-30: Creating maven-archetype-quickstart] INFO  o.e.m.c.i.e.AbstractTransferListenerAdapter - Downloaded https://repo.maven.apache.org/maven2/junit/junit/3.8.1/junit-3.8.1.jar
2023-10-13 22:06:17,278 [Worker-30: Creating maven-archetype-quickstart] INFO  o.e.m.j.i.AbstractJavaProjectConfigurator - Adding source folder /compraProductos/src/main/java
2023-10-13 22:06:17,279 [Worker-30: Creating maven-archetype-quickstart] INFO  o.e.m.j.i.AbstractJavaProjectConfigurator - Adding resource folder /compraProductos/src/main/resources
2023-10-13 22:06:17,283 [Worker-30: Creating maven-archetype-quickstart] INFO  o.e.m.j.i.AbstractJavaProjectConfigurator - Adding source folder /compraProductos/src/test/java
2023-10-13 22:06:17,284 [Worker-30: Creating maven-archetype-quickstart] INFO  o.e.m.j.i.AbstractJavaProjectConfigurator - Adding resource folder /compraProductos/src/test/resources
2023-10-13 22:06:17,366 [Worker-30: Creating maven-archetype-quickstart] INFO  o.e.m.c.i.p.ProjectConfigurationManager - Imported and configured 1 project(s) in 2 sec
2023-10-13 22:06:18,122 [Worker-35: Download sources and javadoc] INFO  o.e.m.c.i.e.AbstractTransferListenerAdapter - Downloading https://repo.maven.apache.org/maven2/junit/junit/3.8.1/junit-3.8.1-sources.jar
2023-10-13 22:06:18,153 [Worker-35: Download sources and javadoc] INFO  o.e.m.c.i.e.AbstractTransferListenerAdapter - Downloaded https://repo.maven.apache.org/maven2/junit/junit/3.8.1/junit-3.8.1-sources.jar
2023-10-13 22:06:18,157 [Worker-35: Download sources and javadoc] INFO  o.e.m.j.internal.DownloadSourcesJob - Downloaded sources for junit:junit:3.8.1
2023-10-13 22:06:18,486 [Worker-26: Building] INFO  o.a.m.s.f.DefaultMavenResourcesFiltering - skip non existing resourceDirectory C:\Users\Joaquin\OneDrive\Documentos\Curso-Java\RepositoriosCursoJAVA\MiPrimerRepositorio\compraProductos\src\main\resources
2023-10-13 22:06:18,491 [Worker-26: Building] INFO  o.a.m.s.f.DefaultMavenResourcesFiltering - skip non existing resourceDirectory C:\Users\Joaquin\OneDrive\Documentos\Curso-Java\RepositoriosCursoJAVA\MiPrimerRepositorio\compraProductos\src\test\resources
2023-10-13 22:09:35,227 [Worker-32: Building] INFO  o.a.m.s.f.DefaultMavenResourcesFiltering - skip non existing resourceDirectory C:\Users\Joaquin\OneDrive\Documentos\Curso-Java\RepositoriosCursoJAVA\MiPrimerRepositorio\compraProductos\src\main\resources
2023-10-13 22:09:35,230 [Worker-32: Building] INFO  o.a.m.s.f.DefaultMavenResourcesFiltering - skip non existing resourceDirectory C:\Users\Joaquin\OneDrive\Documentos\Curso-Java\RepositoriosCursoJAVA\MiPrimerRepositorio\compraProductos\src\test\resources
2023-10-13 22:09:49,581 [Worker-36: Building] INFO  o.a.m.s.f.DefaultMavenResourcesFiltering - skip non existing resourceDirectory C:\Users\Joaquin\OneDrive\Documentos\Curso-Java\RepositoriosCursoJAVA\MiPrimerRepositorio\compraProductos\src\main\resources
2023-10-13 22:09:49,585 [Worker-36: Building] INFO  o.a.m.s.f.DefaultMavenResourcesFiltering - skip non existing resourceDirectory C:\Users\Joaquin\OneDrive\Documentos\Curso-Java\RepositoriosCursoJAVA\MiPrimerRepositorio\compraProductos\src\test\resources
2023-10-13 22:10:35,978 [Worker-37: Building] INFO  o.a.m.s.f.DefaultMavenResourcesFiltering - skip non existing resourceDirectory C:\Users\Joaquin\OneDrive\Documentos\Curso-Java\RepositoriosCursoJAVA\MiPrimerRepositorio\compraProductos\src\main\resources
2023-10-13 22:10:35,982 [Worker-37: Building] INFO  o.a.m.s.f.DefaultMavenResourcesFiltering - skip non existing resourceDirectory C:\Users\Joaquin\OneDrive\Documentos\Curso-Java\RepositoriosCursoJAVA\MiPrimerRepositorio\compraProductos\src\test\resources
2023-10-13 22:10:48,303 [Worker-38: Building] INFO  o.a.m.s.f.DefaultMavenResourcesFiltering - skip non existing resourceDirectory C:\Users\Joaquin\OneDrive\Documentos\Curso-Java\RepositoriosCursoJAVA\MiPrimerRepositorio\compraProductos\src\main\resources
2023-10-13 22:10:48,308 [Worker-38: Building] INFO  o.a.m.s.f.DefaultMavenResourcesFiltering - skip non existing resourceDirectory C:\Users\Joaquin\OneDrive\Documentos\Curso-Java\RepositoriosCursoJAVA\MiPrimerRepositorio\compraProductos\src\test\resources
2023-10-13 22:11:01,077 [Worker-36: Building] INFO  o.a.m.s.f.DefaultMavenResourcesFiltering - skip non existing resourceDirectory C:\Users\Joaquin\OneDrive\Documentos\Curso-Java\RepositoriosCursoJAVA\MiPrimerRepositorio\compraProductos\src\main\resources
2023-10-13 22:11:01,081 [Worker-36: Building] INFO  o.a.m.s.f.DefaultMavenResourcesFiltering - skip non existing resourceDirectory C:\Users\Joaquin\OneDrive\Documentos\Curso-Java\RepositoriosCursoJAVA\MiPrimerRepositorio\compraProductos\src\test\resources
2023-10-13 22:11:17,956 [Worker-32: Building] INFO  o.a.m.s.f.DefaultMavenResourcesFiltering - skip non existing resourceDirectory C:\Users\Joaquin\OneDrive\Documentos\Curso-Java\RepositoriosCursoJAVA\MiPrimerRepositorio\compraProductos\src\main\resources
2023-10-13 22:11:17,958 [Worker-32: Building] INFO  o.a.m.s.f.DefaultMavenResourcesFiltering - skip non existing resourceDirectory C:\Users\Joaquin\OneDrive\Documentos\Curso-Java\RepositoriosCursoJAVA\MiPrimerRepositorio\compraProductos\src\test\resources
2023-10-13 22:11:38,206 [Worker-36: Building] INFO  o.a.m.s.f.DefaultMavenResourcesFiltering - skip non existing resourceDirectory C:\Users\Joaquin\OneDrive\Documentos\Curso-Java\RepositoriosCursoJAVA\MiPrimerRepositorio\compraProductos\src\main\resources
2023-10-13 22:11:38,212 [Worker-36: Building] INFO  o.a.m.s.f.DefaultMavenResourcesFiltering - skip non existing resourceDirectory C:\Users\Joaquin\OneDrive\Documentos\Curso-Java\RepositoriosCursoJAVA\MiPrimerRepositorio\compraProductos\src\test\resources
2023-10-13 22:11:59,431 [Worker-36: Building] INFO  o.a.m.s.f.DefaultMavenResourcesFiltering - skip non existing resourceDirectory C:\Users\Joaquin\OneDrive\Documentos\Curso-Java\RepositoriosCursoJAVA\MiPrimerRepositorio\compraProductos\src\main\resources
2023-10-13 22:11:59,435 [Worker-36: Building] INFO  o.a.m.s.f.DefaultMavenResourcesFiltering - skip non existing resourceDirectory C:\Users\Joaquin\OneDrive\Documentos\Curso-Java\RepositoriosCursoJAVA\MiPrimerRepositorio\compraProductos\src\test\resources
2023-10-13 22:26:07,558 [Worker-40: Building] INFO  o.a.m.s.f.DefaultMavenResourcesFiltering - skip non existing resourceDirectory C:\Users\Joaquin\OneDrive\Documentos\Curso-Java\RepositoriosCursoJAVA\MiPrimerRepositorio\compraProductos\src\main\resources
2023-10-13 22:26:07,561 [Worker-40: Building] INFO  o.a.m.s.f.DefaultMavenResourcesFiltering - skip non existing resourceDirectory C:\Users\Joaquin\OneDrive\Documentos\Curso-Java\RepositoriosCursoJAVA\MiPrimerRepositorio\compraProductos\src\test\resources
2023-10-13 22:26:09,498 [Worker-42: Building] INFO  o.a.m.s.f.DefaultMavenResourcesFiltering - skip non existing resourceDirectory C:\Users\Joaquin\OneDrive\Documentos\Curso-Java\RepositoriosCursoJAVA\MiPrimerRepositorio\compraProductos\src\main\resources
2023-10-13 22:26:09,500 [Worker-42: Building] INFO  o.a.m.s.f.DefaultMavenResourcesFiltering - skip non existing resourceDirectory C:\Users\Joaquin\OneDrive\Documentos\Curso-Java\RepositoriosCursoJAVA\MiPrimerRepositorio\compraProductos\src\test\resources
2023-10-13 22:26:11,644 [Worker-31: Building] INFO  o.a.m.s.f.DefaultMavenResourcesFiltering - skip non existing resourceDirectory C:\Users\Joaquin\OneDrive\Documentos\Curso-Java\RepositoriosCursoJAVA\MiPrimerRepositorio\compraProductos\src\main\resources
2023-10-13 22:26:11,646 [Worker-31: Building] INFO  o.a.m.s.f.DefaultMavenResourcesFiltering - skip non existing resourceDirectory C:\Users\Joaquin\OneDrive\Documentos\Curso-Java\RepositoriosCursoJAVA\MiPrimerRepositorio\compraProductos\src\test\resources
2023-10-13 22:26:13,096 [Worker-40: Building] INFO  o.a.m.s.f.DefaultMavenResourcesFiltering - skip non existing resourceDirectory C:\Users\Joaquin\OneDrive\Documentos\Curso-Java\RepositoriosCursoJAVA\MiPrimerRepositorio\compraProductos\src\main\resources
2023-10-13 22:26:13,098 [Worker-40: Building] INFO  o.a.m.s.f.DefaultMavenResourcesFiltering - skip non existing resourceDirectory C:\Users\Joaquin\OneDrive\Documentos\Curso-Java\RepositoriosCursoJAVA\MiPrimerRepositorio\compraProductos\src\test\resources
2023-10-13 22:26:14,563 [Worker-40: Building] INFO  o.a.m.s.f.DefaultMavenResourcesFiltering - skip non existing resourceDirectory C:\Users\Joaquin\OneDrive\Documentos\Curso-Java\RepositoriosCursoJAVA\MiPrimerRepositorio\compraProductos\src\main\resources
2023-10-13 22:26:14,565 [Worker-40: Building] INFO  o.a.m.s.f.DefaultMavenResourcesFiltering - skip non existing resourceDirectory C:\Users\Joaquin\OneDrive\Documentos\Curso-Java\RepositoriosCursoJAVA\MiPrimerRepositorio\compraProductos\src\test\resources
2023-10-13 22:26:16,462 [Worker-39: Building] INFO  o.a.m.s.f.DefaultMavenResourcesFiltering - skip non existing resourceDirectory C:\Users\Joaquin\OneDrive\Documentos\Curso-Java\RepositoriosCursoJAVA\MiPrimerRepositorio\compraProductos\src\main\resources
2023-10-13 22:26:16,465 [Worker-39: Building] INFO  o.a.m.s.f.DefaultMavenResourcesFiltering - skip non existing resourceDirectory C:\Users\Joaquin\OneDrive\Documentos\Curso-Java\RepositoriosCursoJAVA\MiPrimerRepositorio\compraProductos\src\test\resources
2023-10-13 22:27:11,334 [Worker-31: Building] INFO  o.a.m.s.f.DefaultMavenResourcesFiltering - skip non existing resourceDirectory C:\Users\Joaquin\OneDrive\Documentos\Curso-Java\RepositoriosCursoJAVA\MiPrimerRepositorio\compraProductos\src\main\resources
2023-10-13 22:27:11,341 [Worker-31: Building] INFO  o.a.m.s.f.DefaultMavenResourcesFiltering - skip non existing resourceDirectory C:\Users\Joaquin\OneDrive\Documentos\Curso-Java\RepositoriosCursoJAVA\MiPrimerRepositorio\compraProductos\src\test\resources
2023-10-13 22:28:49,163 [Worker-39: Building] INFO  o.a.m.s.f.DefaultMavenResourcesFiltering - skip non existing resourceDirectory C:\Users\Joaquin\OneDrive\Documentos\Curso-Java\RepositoriosCursoJAVA\MiPrimerRepositorio\compraProductos\src\main\resources
2023-10-13 22:28:49,166 [Worker-39: Building] INFO  o.a.m.s.f.DefaultMavenResourcesFiltering - skip non existing resourceDirectory C:\Users\Joaquin\OneDrive\Documentos\Curso-Java\RepositoriosCursoJAVA\MiPrimerRepositorio\compraProductos\src\test\resources
2023-10-13 22:30:15,865 [Worker-40: Building] INFO  o.a.m.s.f.DefaultMavenResourcesFiltering - skip non existing resourceDirectory C:\Users\Joaquin\OneDrive\Documentos\Curso-Java\RepositoriosCursoJAVA\MiPrimerRepositorio\compraProductos\src\main\resources
2023-10-13 22:30:15,868 [Worker-40: Building] INFO  o.a.m.s.f.DefaultMavenResourcesFiltering - skip non existing resourceDirectory C:\Users\Joaquin\OneDrive\Documentos\Curso-Java\RepositoriosCursoJAVA\MiPrimerRepositorio\compraProductos\src\test\resources
2023-10-13 22:30:42,684 [Worker-42: Building] INFO  o.a.m.s.f.DefaultMavenResourcesFiltering - skip non existing resourceDirectory C:\Users\Joaquin\OneDrive\Documentos\Curso-Java\RepositoriosCursoJAVA\MiPrimerRepositorio\compraProductos\src\main\resources
2023-10-13 22:30:42,686 [Worker-42: Building] INFO  o.a.m.s.f.DefaultMavenResourcesFiltering - skip non existing resourceDirectory C:\Users\Joaquin\OneDrive\Documentos\Curso-Java\RepositoriosCursoJAVA\MiPrimerRepositorio\compraProductos\src\test\resources
2023-10-13 22:31:58,356 [Worker-41: Building] INFO  o.a.m.s.f.DefaultMavenResourcesFiltering - skip non existing resourceDirectory C:\Users\Joaquin\OneDrive\Documentos\Curso-Java\RepositoriosCursoJAVA\MiPrimerRepositorio\compraProductos\src\main\resources
2023-10-13 22:31:58,359 [Worker-41: Building] INFO  o.a.m.s.f.DefaultMavenResourcesFiltering - skip non existing resourceDirectory C:\Users\Joaquin\OneDrive\Documentos\Curso-Java\RepositoriosCursoJAVA\MiPrimerRepositorio\compraProductos\src\test\resources
2023-10-13 22:32:23,176 [Worker-41: Building] INFO  o.a.m.s.f.DefaultMavenResourcesFiltering - skip non existing resourceDirectory C:\Users\Joaquin\OneDrive\Documentos\Curso-Java\RepositoriosCursoJAVA\MiPrimerRepositorio\compraProductos\src\main\resources
2023-10-13 22:32:23,179 [Worker-41: Building] INFO  o.a.m.s.f.DefaultMavenResourcesFiltering - skip non existing resourceDirectory C:\Users\Joaquin\OneDrive\Documentos\Curso-Java\RepositoriosCursoJAVA\MiPrimerRepositorio\compraProductos\src\test\resources
